<?xml version="1.0" encoding="UTF-8"?>
<!-- Generated by org.testng.reporters.JUnitReportReporter -->
<testsuite skipped="0" hostname="DESKTOP-B51MS8E" name="testNG_Project.ValidateMonth" tests="1" failures="0" timestamp="2021-07-11T13:39:52 CDT" time="5.458" errors="0">
  <testcase name="ValidateMonthTest" time="5.458" classname="testNG_Project.ValidateMonth"/>
  <system-out/>
</testsuite> <!-- testNG_Project.ValidateMonth -->
