<?xml version="1.0" encoding="UTF-8"?>
<!-- Generated by org.testng.reporters.JUnitReportReporter -->
<testsuite skipped="0" hostname="DESKTOP-B51MS8E" name="testNG_Project.DuplicateFunctionality" tests="1" failures="0" timestamp="2021-07-10T16:36:08 CDT" time="4.637" errors="0">
  <testcase name="DuplicateCategoryTest" time="4.637" classname="testNG_Project.DuplicateFunctionality"/>
  <system-out/>
</testsuite> <!-- testNG_Project.DuplicateFunctionality -->
